<?xml version="1.0" encoding="UTF-8"?>
<!-- Generated by org.testng.reporters.JUnitXMLReporter -->
<testsuite hostname="payalbhatt-PC" ignored="1" name="Class Execution test" tests="4" failures="0" timestamp="28 Dec 2018 22:04:35 GMT" time="16.339" errors="0">
  <testcase name="testcase2" time="0.01" classname="day8.BasicTesting"/>
  <testcase name="testcase1" time="0.004" classname="day8.BasicTesting"/>
  <testcase name="verifyTitleOfThePage" time="0.97" classname="day7.GuruProject"/>
  <testcase name="testcase3" time="0.006" classname="day8.BasicTesting"/>
  <testcase name="loginGuruWebsite" time="0.0" classname="day7.GuruProject">
    <ignored/>
  </testcase> <!-- loginGuruWebsite -->
</testsuite> <!-- Class Execution test -->
