<?xml version="1.0" encoding="UTF-8"?>
<!-- Generated by org.testng.reporters.JUnitXMLReporter -->
<testsuite hostname="payalbhatt-PC" ignored="2" name=" Sanity Test" tests="4" failures="0" timestamp="28 Dec 2018 23:39:10 GMT" time="0.155" errors="0">
  <testcase name="testcase2" time="0.016" classname="day8.BasicTesting"/>
  <testcase name="testcase2" time="0.015" classname="day8.BasicTesting2"/>
  <testcase name="testcase1" time="0.0" classname="day8.BasicTesting"/>
  <testcase name="testcase3" time="0.014" classname="day8.BasicTesting2"/>
  <testcase name="testcase3" time="0.0" classname="day8.BasicTesting">
    <ignored/>
  </testcase> <!-- testcase3 -->
  <testcase name="testcase1" time="0.0" classname="day8.BasicTesting2">
    <ignored/>
  </testcase> <!-- testcase1 -->
</testsuite> <!--  Sanity Test -->
